TN:
SF:/home/brito/Desktop/projects/personal/ebay-alerts-app/server/src/app/controllers/AlertController.js
FN:1,_interopRequireDefault
FN:4,(anonymous_1)
FN:8,(anonymous_2)
FNF:3
FNH:0
FNDA:0,_interopRequireDefault
FNDA:0,(anonymous_1)
FNDA:0,(anonymous_2)
DA:1,0
DA:5,0
DA:10,0
DA:12,0
DA:18,0
DA:22,0
LF:6
LH:0
BRDA:1,0,0,0
BRDA:1,0,1,0
BRDA:1,1,0,0
BRDA:1,1,1,0
BRF:4
BRH:0
end_of_record
TN:
SF:/home/brito/Desktop/projects/personal/ebay-alerts-app/server/src/app/schemas/Alert.js
FN:1,_interopRequireDefault
FNF:1
FNH:0
FNDA:0,_interopRequireDefault
DA:1,0
DA:3,0
DA:24,0
LF:3
LH:0
BRDA:1,0,0,0
BRDA:1,0,1,0
BRDA:1,1,0,0
BRDA:1,1,1,0
BRF:4
BRH:0
end_of_record
TN:
SF:/home/brito/Desktop/projects/personal/ebay-alerts-app/server/src/app/validators/AlertValidator.js
FN:1,_interopRequireWildcard
FN:4,(anonymous_1)
FN:23,(anonymous_2)
FNF:3
FNH:3
FNDA:1,_interopRequireWildcard
FNDA:2,(anonymous_1)
FNDA:2,(anonymous_2)
DA:1,1
DA:5,2
DA:11,2
DA:12,2
DA:14,1
DA:16,1
DA:24,2
DA:30,2
DA:31,2
DA:33,1
DA:35,1
DA:43,1
LF:12
LH:12
BRDA:1,0,0,1
BRDA:1,0,1,0
BRDA:1,1,0,1
BRDA:1,1,1,1
BRDA:1,2,0,0
BRDA:1,2,1,0
BRDA:1,3,0,0
BRDA:1,3,1,0
BRF:8
BRH:3
end_of_record
